\BOOKMARK [0][-]{chapter*.2}{Introduction}{}% 1
\BOOKMARK [0][-]{chapter.1}{Les Arbres Binaires}{}% 2
\BOOKMARK [1][-]{section.1.1}{Description et vocabulaire des arbres binaires}{chapter.1}% 3
\BOOKMARK [2][-]{subsection.1.1.1}{D\351finitions g\351n\351rales sur les arbres}{section.1.1}% 4
\BOOKMARK [2][-]{subsection.1.1.2}{Les arbres ordonn\351s}{section.1.1}% 5
\BOOKMARK [2][-]{subsection.1.1.3}{Les arbres d'expression arithm\351tiques}{section.1.1}% 6
\BOOKMARK [1][-]{section.1.2}{Particularit\351 des arbres binaires}{chapter.1}% 7
\BOOKMARK [2][-]{subsection.1.2.1}{Premiers algorithmes}{section.1.2}% 8
\BOOKMARK [1][-]{section.1.3}{Relations entre hauteur et taille}{chapter.1}% 9
\BOOKMARK [0][-]{chapter.2}{Les Arbres Binaires de recherche}{}% 10
\BOOKMARK [1][-]{section.2.1}{D\351finition}{chapter.2}% 11
\BOOKMARK [1][-]{section.2.2}{Parcours et affichage}{chapter.2}% 12
\BOOKMARK [2][-]{subsection.2.2.1}{Parcours en largeur}{section.2.2}% 13
\BOOKMARK [2][-]{subsection.2.2.2}{Parcours en profondeur}{section.2.2}% 14
\BOOKMARK [1][-]{section.2.3}{M\351thodes principales sp\351cifiques aux ABR}{chapter.2}% 15
\BOOKMARK [2][-]{subsection.2.3.1}{Recherche :}{section.2.3}% 16
\BOOKMARK [2][-]{subsection.2.3.2}{Insertion :}{section.2.3}% 17
\BOOKMARK [2][-]{subsection.2.3.3}{Suppression :}{section.2.3}% 18
\BOOKMARK [1][-]{section.2.4}{Complexit\351 des m\351thodes principales}{chapter.2}% 19
\BOOKMARK [2][-]{subsection.2.4.1}{Complexit\351 th\351orique de la fonction de recherche:}{section.2.4}% 20
\BOOKMARK [2][-]{subsection.2.4.2}{Protocole exp\351rimental:}{section.2.4}% 21
\BOOKMARK [0][-]{chapter.3}{Impl\351mentation : comparaison entre structure r\351cursive et repr\351sentation en liste}{}% 22
\BOOKMARK [1][-]{section.3.1}{Structure r\351cursive}{chapter.3}% 23
\BOOKMARK [1][-]{section.3.2}{Liste}{chapter.3}% 24
\BOOKMARK [1][-]{section.3.3}{Comparaison}{chapter.3}% 25
\BOOKMARK [2][-]{subsection.3.3.1}{Avantages et inconv\351nients}{section.3.3}% 26
\BOOKMARK [0][-]{chapter*.23}{Conclusion}{}% 27
